-------------------------------------------------------------------------------
Test set: pl.allegro.braincode.team10.Team10ApplicationTests
-------------------------------------------------------------------------------
Tests run: 1, Failures: 0, Errors: 1, Skipped: 0, Time elapsed: 1.771 s <<< FAILURE! - in pl.allegro.braincode.team10.Team10ApplicationTests
contextLoads(pl.allegro.braincode.team10.Team10ApplicationTests)  Time elapsed: 0 s  <<< ERROR!
java.lang.IllegalStateException: Failed to load ApplicationContext
Caused by: org.springframework.beans.factory.BeanDefinitionStoreException: Failed to parse configuration class [pl.allegro.braincode.team10.Team10Application]; nested exception is java.io.FileNotFoundException: Could not open ServletContext resource [/google.properties]
Caused by: java.io.FileNotFoundException: Could not open ServletContext resource [/google.properties]

